<?xml version="1.0" encoding="UTF-8"?>
<!-- Generated by org.testng.reporters.JUnitReportReporter -->
<testsuite hostname="user18" failures="0" tests="1" name="testScripts.HeroCuuTest" time="11.298" errors="0" timestamp="2024-10-29T12:33:32 IST" skipped="0">
  <testcase classname="testScripts.HeroCuuTest" name="loginTest" time="11.298"/>
  <system-out/>
</testsuite> <!-- testScripts.HeroCuuTest -->
