<?xml version="1.0" encoding="UTF-8"?>
<!-- Generated by org.testng.reporters.JUnitReportReporter -->
<testsuite hostname="user18" failures="0" tests="1" name="testScripts.GooglePageTest" time="8.165" errors="0" timestamp="2024-10-29T11:16:01 IST" skipped="0">
  <testcase classname="testScripts.GooglePageTest" name="searchJavaTest" time="8.165"/>
  <system-out/>
</testsuite> <!-- testScripts.GooglePageTest -->
