<?xml version="1.0" encoding="UTF-8"?>
<!-- Generated by org.testng.reporters.JUnitReportReporter -->
<testsuite hostname="user18" failures="0" tests="1" name="testScripts.PracticeTest4" time="8.945" errors="0" timestamp="2024-10-30T10:15:48 IST" skipped="0">
  <testcase classname="testScripts.PracticeTest4" name="test" time="8.945"/>
  <system-out/>
</testsuite> <!-- testScripts.PracticeTest4 -->
