<?xml version="1.0" encoding="UTF-8"?>
<!-- Generated by org.testng.reporters.JUnitReportReporter -->
<testsuite hostname="user18" failures="0" tests="1" name="testScripts.LambdaTest" time="7.459" errors="0" timestamp="2024-10-29T12:41:02 IST" skipped="0">
  <testcase classname="testScripts.LambdaTest" name="validateErrorMsg" time="7.459"/>
  <system-out/>
</testsuite> <!-- testScripts.LambdaTest -->
